
  .   ____          _            __ _ _
 /\\ / ___'_ __ _ _(_)_ __  __ _ \ \ \ \
( ( )\___ | '_ | '_| | '_ \/ _` | \ \ \ \
 \\/  ___)| |_)| | | | | || (_| |  ) ) ) )
  '  |____| .__|_| |_|_| |_\__, | / / / /
 =========|_|==============|___/=/_/_/_/
 :: Spring Boot ::               (v2.6.13)

2025-09-06 21:16:43.557  INFO 20320 --- [           main] c.m.l.LibraryManagementSystemApplication : Starting LibraryManagementSystemApplication using Java 11.0.23 on LAPTOP-8U5IS8GN with PID 20320 (C:\Users\19861\Desktop\学习\java教学\java课程教学\code\library-management-system\deploy\library-management-system-1.0.0.jar started by 19861 in C:\Users\19861\Desktop\学习\java教学\java课程教学\code\library-management-system\deploy)
2025-09-06 21:16:43.561  INFO 20320 --- [           main] c.m.l.LibraryManagementSystemApplication : No active profile set, falling back to 1 default profile: "default"
2025-09-06 21:16:43.981  INFO 20320 --- [           main] .s.d.r.c.RepositoryConfigurationDelegate : Bootstrapping Spring Data JDBC repositories in DEFAULT mode.
2025-09-06 21:16:43.993  INFO 20320 --- [           main] .s.d.r.c.RepositoryConfigurationDelegate : Finished Spring Data repository scanning in 9 ms. Found 0 JDBC repository interfaces.
2025-09-06 21:16:44.661  INFO 20320 --- [           main] o.s.b.w.embedded.tomcat.TomcatWebServer  : Tomcat initialized with port(s): 9099 (http)
2025-09-06 21:16:44.670  INFO 20320 --- [           main] o.apache.catalina.core.StandardService   : Starting service [Tomcat]
2025-09-06 21:16:44.670  INFO 20320 --- [           main] org.apache.catalina.core.StandardEngine  : Starting Servlet engine: [Apache Tomcat/9.0.68]
2025-09-06 21:16:44.734  INFO 20320 --- [           main] o.a.c.c.C.[Tomcat].[localhost].[/]       : Initializing Spring embedded WebApplicationContext
2025-09-06 21:16:44.734  INFO 20320 --- [           main] w.s.c.ServletWebServerApplicationContext : Root WebApplicationContext: initialization completed in 1141 ms
2025-09-06 21:16:45.062  WARN 20320 --- [           main] c.b.m.core.metadata.TableInfoHelper      : Can not find table primary key in Class: "com.mc.libmanagement.reporsitory.domain.LendList".
 _ _   |_  _ _|_. ___ _ |    _ 
| | |\/|_)(_| | |_\  |_)||_|_\ 
     /               |         
                        3.4.0 
2025-09-06 21:16:45.835  WARN 20320 --- [           main] org.thymeleaf.templatemode.TemplateMode  : [THYMELEAF][main] Template Mode 'HTML5' is deprecated. Using Template Mode 'HTML' instead.
2025-09-06 21:16:45.881  INFO 20320 --- [           main] com.zaxxer.hikari.HikariDataSource       : HikariPool-1 - Starting...
2025-09-06 21:16:46.358  INFO 20320 --- [           main] com.zaxxer.hikari.HikariDataSource       : HikariPool-1 - Start completed.
2025-09-06 21:16:46.613  INFO 20320 --- [           main] o.s.b.w.embedded.tomcat.TomcatWebServer  : Tomcat started on port(s): 9099 (http) with context path ''
2025-09-06 21:16:46.631  INFO 20320 --- [           main] c.m.l.LibraryManagementSystemApplication : Started LibraryManagementSystemApplication in 3.368 seconds (JVM running for 3.679)
2025-09-06 21:17:03.666  INFO 20320 --- [nio-9099-exec-1] o.a.c.c.C.[Tomcat].[localhost].[/]       : Initializing Spring DispatcherServlet 'dispatcherServlet'
2025-09-06 21:17:03.667  INFO 20320 --- [nio-9099-exec-1] o.s.web.servlet.DispatcherServlet        : Initializing Servlet 'dispatcherServlet'
2025-09-06 21:17:03.669  INFO 20320 --- [nio-9099-exec-1] o.s.web.servlet.DispatcherServlet        : Completed initialization in 1 ms
2025-09-06 21:17:04.560  WARN 20320 --- [nio-9099-exec-7] o.s.web.servlet.PageNotFound             : No mapping for GET /favicon.ico
2025-09-06 21:17:05.500  WARN 20320 --- [nio-9099-exec-7] o.a.c.util.SessionIdGeneratorBase        : Creation of SecureRandom instance for session ID generation using [SHA1PRNG] took [921] milliseconds.
2025-09-06 21:17:25.665  WARN 20320 --- [nio-9099-exec-8] o.s.web.servlet.PageNotFound             : No mapping for GET /css/css1/index/jquery.js
2025-09-06 21:17:25.665  WARN 20320 --- [nio-9099-exec-5] o.s.web.servlet.PageNotFound             : No mapping for GET /css/css1/index/css/bootstrap.css
2025-09-06 21:17:25.670  WARN 20320 --- [nio-9099-exec-6] o.s.web.servlet.PageNotFound             : No mapping for GET /css/css1/index/js/bootstrap.js
